<?xml version="1.0" encoding="UTF-8"?>
<testsuite xmlns:xsi="http://www.w3.org/2001/XMLSchema-instance" xsi:noNamespaceSchemaLocation="https://maven.apache.org/surefire/maven-surefire-plugin/xsd/surefire-test-report-3.0.xsd" version="3.0" name="fr.imt.coffee.machine.CoffeeMachineUnitTest" time="1.423" tests="5" errors="0" skipped="1" failures="0">
  <properties>
[...]
</properties>
  <testcase name="" classname="fr.imt.coffee.machine.CoffeeMachineCucumberFunctionalTest" time="0">
    <skipped/>
  </testcase>
  <testcase name="testMachineFailureTrue" classname="fr.imt.coffee.machine.CoffeeMachineUnitTest" time="1.356"/>
  <testcase name="testPlugMachine" classname="fr.imt.coffee.machine.CoffeeMachineUnitTest" time="0.007">
    <system-out><![CDATA[12:10:33.997 [main] INFO  fr.imt.coffee.machine.CoffeeMachine - Coffee machine plugged to electrical plug.
]]></system-out>
  </testcase>
  <testcase name="testMakeACoffeeCupNotEmptyException" classname="fr.imt.coffee.machine.CoffeeMachineUnitTest" time="0.033">
    <system-out><![CDATA[12:10:34.030 [main] INFO  fr.imt.coffee.machine.CoffeeMachine - Coffee machine plugged to electrical plug.
12:10:34.033 [main] ERROR fr.imt.coffee.machine.CoffeeMachine - CupNotEmptyException: The cup must be empty for coffee preparation.
]]></system-out>
  </testcase>
  <testcase name="testMachineFailureFalse" classname="fr.imt.coffee.machine.CoffeeMachineUnitTest" time="0.002"/>
</testsuite>