<?xml version="1.0" encoding="UTF-8"?>
<testsuite xmlns:xsi="http://www.w3.org/2001/XMLSchema-instance" xsi:noNamespaceSchemaLocation="https://maven.apache.org/surefire/maven-surefire-plugin/xsd/surefire-test-report-3.0.xsd" version="3.0" name="fr.imt.shay.machine.CoffeeMachineUnitTest" time="28.37" tests="15" errors="0" skipped="1" failures="0">
  <properties>
[...]
</properties>
  <testcase name="" classname="fr.imt.shay.machine.CoffeeMachineCucumberFunctionalTest" time="0">
    <skipped/>
  </testcase>
  <testcase name="TestMakeCoffeeAndLackOfWater" classname="fr.imt.shay.machine.CoffeeMachineUnitTest" time="0.854">
    <system-out><![CDATA[10:30:42.922 [main] ERROR fr.imt.shay.machine.machine.CoffeeMachine - LackOfWaterInTankException: You must add more water in the water tank.
]]></system-out>
  </testcase>
  <testcase name="testMachineFailureTrue" classname="fr.imt.shay.machine.CoffeeMachineUnitTest" time="0.092"/>
  <testcase name="testMakeACoffeeCremaException" classname="fr.imt.shay.machine.CoffeeMachineUnitTest" time="0.023">
    <system-out><![CDATA[10:30:43.047 [main] ERROR fr.imt.shay.machine.machine.CoffeeMachine - CannotMakeCremaWithSimpleCoffeeMachine: You cannot make an espresso with a CoffeeMachine, please use EspressoCoffeeMachine
]]></system-out>
  </testcase>
  <testcase name="TestToString" classname="fr.imt.shay.machine.CoffeeMachineUnitTest" time="0.011"/>
  <testcase name="TestAddCoffeeBeanTank" classname="fr.imt.shay.machine.CoffeeMachineUnitTest" time="0.001"/>
  <testcase name="TestMakeCoffeeAndMachineUnplugged" classname="fr.imt.shay.machine.CoffeeMachineUnitTest" time="0.003">
    <system-out><![CDATA[10:30:43.063 [main] ERROR fr.imt.shay.machine.machine.CoffeeMachine - MachineNotPluggedException: You must plug your coffee machine.
]]></system-out>
  </testcase>
  <testcase name="testPlugMachine" classname="fr.imt.shay.machine.CoffeeMachineUnitTest" time="0.001"/>
  <testcase name="testMakeACoffeeInCup" classname="fr.imt.shay.machine.CoffeeMachineUnitTest" time="9.003"/>
  <testcase name="testMakeACoffeeInMug" classname="fr.imt.shay.machine.CoffeeMachineUnitTest" time="18.318"/>
  <testcase name="testMakeACoffeeDifferentCoffeeTypeException" classname="fr.imt.shay.machine.CoffeeMachineUnitTest" time="0.006">
    <system-out><![CDATA[10:31:10.402 [main] ERROR fr.imt.shay.machine.machine.CoffeeMachine - CoffeeTypeCupDifferentOfCoffeeTypeTankException: The type of coffee to be made in the cup is different from that in the tank.
]]></system-out>
  </testcase>
  <testcase name="TestChangeNbCoffeeMade" classname="fr.imt.shay.machine.CoffeeMachineUnitTest" time="0.003"/>
  <testcase name="testMakeACoffeeCupNotEmptyException" classname="fr.imt.shay.machine.CoffeeMachineUnitTest" time="0.002">
    <system-out><![CDATA[10:31:10.410 [main] ERROR fr.imt.shay.machine.machine.CoffeeMachine - CupNotEmptyException: The cup must be empty for coffee preparation.
]]></system-out>
  </testcase>
  <testcase name="testMachineFailureFalse" classname="fr.imt.shay.machine.CoffeeMachineUnitTest" time="0.002"/>
  <testcase name="testMakeACoffeeOutOfOrderException" classname="fr.imt.shay.machine.CoffeeMachineUnitTest" time="0.002"/>
</testsuite>